# JRE version: OpenJDK Runtime Environment (8.0_265-b01) (build 1.8.0_265-b01)
# Java VM: OpenJDK 64-Bit Server VM (25.265-b01 mixed mode bsd-amd64 compressed oops)
Heap:
 PSYoungGen      total 320512K, used 256658K [0x000000076ab00000, 0x0000000783c80000, 0x00000007c0000000)
  eden space 306688K, 83% used [0x000000076ab00000,0x000000077a5a48e8,0x000000077d680000)
  from space 13824K, 0% used [0x000000077d680000,0x000000077d680000,0x000000077e400000)
  to   space 19456K, 0% used [0x0000000782980000,0x0000000782980000,0x0000000783c80000)
 ParOldGen       total 233472K, used 33836K [0x00000006c0000000, 0x00000006ce400000, 0x000000076ab00000)
  object space 233472K, 14% used [0x00000006c0000000,0x00000006c210b210,0x00000006ce400000)
 Metaspace       used 67625K, capacity 71536K, committed 71896K, reserved 1112064K
  class space    used 9171K, capacity 9831K, committed 9944K, reserved 1048576K
GC Heap History (10 events):
Event: 3.063 GC heap before
{Heap before GC invocations=8 (full 1):
 PSYoungGen      total 209408K, used 45869K [0x000000076ab00000, 0x0000000778980000, 0x00000007c0000000)
  eden space 199168K, 17% used [0x000000076ab00000,0x000000076cdcc110,0x0000000776d80000)
  from space 10240K, 99% used [0x0000000777a80000,0x000000077847f438,0x0000000778480000)
  to   space 13312K, 0% used [0x0000000776d80000,0x0000000776d80000,0x0000000777a80000)
 ParOldGen       total 101888K, used 10453K [0x00000006c0000000, 0x00000006c6380000, 0x000000076ab00000)
  object space 101888K, 10% used [0x00000006c0000000,0x00000006c0a35718,0x00000006c6380000)
 Metaspace       used 33821K, capacity 35308K, committed 35416K, reserved 1079296K
  class space    used 4552K, capacity 4874K, committed 4952K, reserved 1048576K
Event: 3.070 GC heap after
Heap after GC invocations=8 (full 1):
 PSYoungGen      total 212480K, used 7465K [0x000000076ab00000, 0x000000077f280000, 0x00000007c0000000)
  eden space 199168K, 0% used [0x000000076ab00000,0x000000076ab00000,0x0000000776d80000)
  from space 13312K, 56% used [0x0000000776d80000,0x00000007774ca720,0x0000000777a80000)
  to   space 12800K, 0% used [0x000000077e600000,0x000000077e600000,0x000000077f280000)
 ParOldGen       total 101888K, used 10461K [0x00000006c0000000, 0x00000006c6380000, 0x000000076ab00000)
  object space 101888K, 10% used [0x00000006c0000000,0x00000006c0a37718,0x00000006c6380000)
 Metaspace       used 33821K, capacity 35308K, committed 35416K, reserved 1079296K
  class space    used 4552K, capacity 4874K, committed 4952K, reserved 1048576K
}
Event: 3.070 GC heap before
{Heap before GC invocations=9 (full 2):
 PSYoungGen      total 212480K, used 7465K [0x000000076ab00000, 0x000000077f280000, 0x00000007c0000000)
  eden space 199168K, 0% used [0x000000076ab00000,0x000000076ab00000,0x0000000776d80000)
  from space 13312K, 56% used [0x0000000776d80000,0x00000007774ca720,0x0000000777a80000)
  to   space 12800K, 0% used [0x000000077e600000,0x000000077e600000,0x000000077f280000)
 ParOldGen       total 101888K, used 10461K [0x00000006c0000000, 0x00000006c6380000, 0x000000076ab00000)
  object space 101888K, 10% used [0x00000006c0000000,0x00000006c0a37718,0x00000006c6380000)
 Metaspace       used 33821K, capacity 35308K, committed 35416K, reserved 1079296K
  class space    used 4552K, capacity 4874K, committed 4952K, reserved 1048576K
Event: 3.102 GC heap after
Heap after GC invocations=9 (full 2):
 PSYoungGen      total 212480K, used 0K [0x000000076ab00000, 0x000000077f280000, 0x00000007c0000000)
  eden space 199168K, 0% used [0x000000076ab00000,0x000000076ab00000,0x0000000776d80000)
  from space 13312K, 0% used [0x0000000776d80000,0x0000000776d80000,0x0000000777a80000)
  to   space 12800K, 0% used [0x000000077e600000,0x000000077e600000,0x000000077f280000)
 ParOldGen       total 155136K, used 12737K [0x00000006c0000000, 0x00000006c9780000, 0x000000076ab00000)
  object space 155136K, 8% used [0x00000006c0000000,0x00000006c0c70400,0x00000006c9780000)
 Metaspace       used 33821K, capacity 35308K, committed 35416K, reserved 1079296K
  class space    used 4552K, capacity 4874K, committed 4952K, reserved 1048576K
}
Event: 4.001 GC heap before
{Heap before GC invocations=10 (full 2):
 PSYoungGen      total 212480K, used 199168K [0x000000076ab00000, 0x000000077f280000, 0x00000007c0000000)
  eden space 199168K, 100% used [0x000000076ab00000,0x0000000776d80000,0x0000000776d80000)
  from space 13312K, 0% used [0x0000000776d80000,0x0000000776d80000,0x0000000777a80000)
  to   space 12800K, 0% used [0x000000077e600000,0x000000077e600000,0x000000077f280000)
 ParOldGen       total 155136K, used 12737K [0x00000006c0000000, 0x00000006c9780000, 0x000000076ab00000)
  object space 155136K, 8% used [0x00000006c0000000,0x00000006c0c70400,0x00000006c9780000)
 Metaspace       used 42589K, capacity 44862K, committed 45016K, reserved 1087488K
  class space    used 5648K, capacity 6085K, committed 6104K, reserved 1048576K
Event: 4.010 GC heap after
Heap after GC invocations=10 (full 2):
 PSYoungGen      total 304640K, used 11692K [0x000000076ab00000, 0x000000077f180000, 0x00000007c0000000)
  eden space 292864K, 0% used [0x000000076ab00000,0x000000076ab00000,0x000000077c900000)
  from space 11776K, 99% used [0x000000077e600000,0x000000077f16b318,0x000000077f180000)
  to   space 13824K, 0% used [0x000000077d680000,0x000000077d680000,0x000000077e400000)
 ParOldGen       total 155136K, used 12745K [0x00000006c0000000, 0x00000006c9780000, 0x000000076ab00000)
  object space 155136K, 8% used [0x00000006c0000000,0x00000006c0c72400,0x00000006c9780000)
 Metaspace       used 42589K, capacity 44862K, committed 45016K, reserved 1087488K
  class space    used 5648K, capacity 6085K, committed 6104K, reserved 1048576K
}
Event: 5.360 GC heap before
{Heap before GC invocations=11 (full 2):
 PSYoungGen      total 304640K, used 230610K [0x000000076ab00000, 0x000000077f180000, 0x00000007c0000000)
  eden space 292864K, 74% used [0x000000076ab00000,0x00000007780c9590,0x000000077c900000)
  from space 11776K, 99% used [0x000000077e600000,0x000000077f16b318,0x000000077f180000)
  to   space 13824K, 0% used [0x000000077d680000,0x000000077d680000,0x000000077e400000)
 ParOldGen       total 155136K, used 12745K [0x00000006c0000000, 0x00000006c9780000, 0x000000076ab00000)
  object space 155136K, 8% used [0x00000006c0000000,0x00000006c0c72400,0x00000006c9780000)
 Metaspace       used 55965K, capacity 58970K, committed 59028K, reserved 1099776K
  class space    used 7559K, capacity 8094K, committed 8152K, reserved 1048576K
Event: 5.379 GC heap after
Heap after GC invocations=11 (full 2):
 PSYoungGen      total 320512K, used 13801K [0x000000076ab00000, 0x0000000783c80000, 0x00000007c0000000)
  eden space 306688K, 0% used [0x000000076ab00000,0x000000076ab00000,0x000000077d680000)
  from space 13824K, 99% used [0x000000077d680000,0x000000077e3fa548,0x000000077e400000)
  to   space 19456K, 0% used [0x0000000782980000,0x0000000782980000,0x0000000783c80000)
 ParOldGen       total 155136K, used 22722K [0x00000006c0000000, 0x00000006c9780000, 0x000000076ab00000)
  object space 155136K, 14% used [0x00000006c0000000,0x00000006c1630840,0x00000006c9780000)
 Metaspace       used 55965K, capacity 58970K, committed 59028K, reserved 1099776K
  class space    used 7559K, capacity 8094K, committed 8152K, reserved 1048576K
}
Event: 5.379 GC heap before
{Heap before GC invocations=12 (full 3):
 PSYoungGen      total 320512K, used 13801K [0x000000076ab00000, 0x0000000783c80000, 0x00000007c0000000)
  eden space 306688K, 0% used [0x000000076ab00000,0x000000076ab00000,0x000000077d680000)
  from space 13824K, 99% used [0x000000077d680000,0x000000077e3fa548,0x000000077e400000)
  to   space 19456K, 0% used [0x0000000782980000,0x0000000782980000,0x0000000783c80000)
 ParOldGen       total 155136K, used 22722K [0x00000006c0000000, 0x00000006c9780000, 0x000000076ab00000)
  object space 155136K, 14% used [0x00000006c0000000,0x00000006c1630840,0x00000006c9780000)
 Metaspace       used 55965K, capacity 58970K, committed 59028K, reserved 1099776K
  class space    used 7559K, capacity 8094K, committed 8152K, reserved 1048576K
Event: 5.502 GC heap after
Heap after GC invocations=12 (full 3):
 PSYoungGen      total 320512K, used 0K [0x000000076ab00000, 0x0000000783c80000, 0x00000007c0000000)
  eden space 306688K, 0% used [0x000000076ab00000,0x000000076ab00000,0x000000077d680000)
  from space 13824K, 0% used [0x000000077d680000,0x000000077d680000,0x000000077e400000)
  to   space 19456K, 0% used [0x0000000782980000,0x0000000782980000,0x0000000783c80000)
 ParOldGen       total 233472K, used 33836K [0x00000006c0000000, 0x00000006ce400000, 0x000000076ab00000)
  object space 233472K, 14% used [0x00000006c0000000,0x00000006c210b210,0x00000006ce400000)
 Metaspace       used 55965K, capacity 58970K, committed 59028K, reserved 1099776K
  class space    used 7559K, capacity 8094K, committed 8152K, reserved 1048576K
}

